c:\users\ozan\documents\vısual studıo 2015\projects\cloypsv1\cloypsv1\debug\vc140.pdb
c:\users\ozan\documents\vısual studıo 2015\projects\cloypsv1\cloypsv1\debug\vc140.ıdb
c:\users\ozan\documents\vısual studıo 2015\projects\cloypsv1\cloypsv1\debug\crypt.obj
c:\users\ozan\documents\vısual studıo 2015\projects\cloypsv1\cloypsv1\debug\dıctıonary.obj
c:\users\ozan\documents\vısual studıo 2015\projects\cloypsv1\cloypsv1\debug\source.obj
c:\users\ozan\documents\vısual studıo 2015\projects\cloypsv1\debug\cloypsv1.ılk
c:\users\ozan\documents\vısual studıo 2015\projects\cloypsv1\debug\cloypsv1.exe
c:\users\ozan\documents\vısual studıo 2015\projects\cloypsv1\debug\cloypsv1.pdb
c:\users\ozan\documents\visual studio 2015\projects\cloypsv1\cloypsv1\debug\crypt.obj
c:\users\ozan\documents\visual studio 2015\projects\cloypsv1\cloypsv1\debug\dictionary.obj
c:\users\ozan\documents\visual studio 2015\projects\cloypsv1\cloypsv1\debug\source.obj
c:\users\ozan\documents\visual studio 2015\projects\cloypsv1\cloypsv1\debug\vc140.idb
c:\users\ozan\documents\visual studio 2015\projects\cloypsv1\cloypsv1\debug\vc140.pdb
c:\users\ozan\documents\visual studio 2015\projects\cloypsv1\debug\cloypsv1.pdb
c:\users\ozan\documents\visual studio 2015\projects\cloypsv1\debug\cloypsv1.exe
c:\users\ozan\documents\visual studio 2015\projects\cloypsv1\debug\cloypsv1.ilk
c:\users\ozan\documents\visual studio 2015\projects\cloypsv1\cloypsv1\debug\cloypsv1.tlog\cl.command.1.tlog
c:\users\ozan\documents\visual studio 2015\projects\cloypsv1\cloypsv1\debug\cloypsv1.tlog\cl.read.1.tlog
c:\users\ozan\documents\visual studio 2015\projects\cloypsv1\cloypsv1\debug\cloypsv1.tlog\cl.write.1.tlog
c:\users\ozan\documents\visual studio 2015\projects\cloypsv1\cloypsv1\debug\cloypsv1.tlog\link.command.1.tlog
c:\users\ozan\documents\visual studio 2015\projects\cloypsv1\cloypsv1\debug\cloypsv1.tlog\link.read.1.tlog
c:\users\ozan\documents\visual studio 2015\projects\cloypsv1\cloypsv1\debug\cloypsv1.tlog\link.write.1.tlog
